<?xml version="1.0" encoding="UTF-8"?>
<!-- Generated by org.testng.reporters.JUnitXMLReporter -->
<testsuite ignored="0" hostname="DESKTOP-CVKJJ5N" failures="0" tests="3" name="TestSuitePackageLevel" time="0.102" errors="0" timestamp="2022-03-24T15:16:40 SAST">
  <testcase classname="thirdPackage.firstClassThirdPackage" name="firstTestFirstClassThirdPackage" time="0.016"/>
  <testcase classname="thirdPackage.firstClassThirdPackage" name="secondTestFirstClassThirdPackage" time="0.003"/>
  <testcase classname="thirdPackage.firstClassThirdPackage" name="thirdTestFirstClassThirdPackage" time="0.003"/>
</testsuite> <!-- TestSuitePackageLevel -->
