<?xml version="1.0" encoding="UTF-8"?>
<!-- Generated by org.testng.reporters.JUnitXMLReporter -->
<testsuite ignored="2" hostname="DESKTOP-CVKJJ5N" failures="0" tests="1" name="TestSuiteThirdPackage" time="0.008" errors="0" timestamp="2022-03-22T17:27:48 SAST">
  <testcase classname="thirdPackage.firstClassThirdPackage" name="firstTestFirstClassThirdPackage" time="0.003"/>
  <testcase classname="thirdPackage.firstClassThirdPackage" name="thirdTestFirstClassThirdPackage" time="0.0">
    <ignored/>
  </testcase> <!-- thirdTestFirstClassThirdPackage -->
  <testcase classname="thirdPackage.firstClassThirdPackage" name="secondTestFirstClassThirdPackage" time="0.0">
    <ignored/>
  </testcase> <!-- secondTestFirstClassThirdPackage -->
</testsuite> <!-- TestSuiteThirdPackage -->
