<?xml version="1.0" encoding="UTF-8"?>
<!-- Generated by org.testng.reporters.JUnitXMLReporter -->
<testsuite ignored="0" hostname="DESKTOP-CVKJJ5N" failures="0" tests="14" name="TestSuite" time="0.474" errors="0" timestamp="2022-03-22T12:15:35 SAST">
  <testcase classname="firstTestPackage.firstTestNG" name="first" time="0.091"/>
  <testcase classname="firstTestPackage.firstTestNG" name="second" time="0.007"/>
  <testcase classname="firstTestPackage.secondTestNG" name="secondClassFirstTest" time="0.005"/>
  <testcase classname="secondTestPackage.secondClassSecondPackage" name="firstTestSecondclassSecondPackage" time="0.005"/>
  <testcase classname="secondTestPackage.secondClassSecondPackage" name="fourthTestSecondClassSecondPackage" time="0.004"/>
  <testcase classname="secondTestPackage.secondClassSecondPackage" name="secondTestSecondClassSecondPackage" time="0.004"/>
  <testcase classname="secondTestPackage.secondClassSecondPackage" name="thirdTestSecondClassSecondPackage" time="0.002"/>
  <testcase classname="secondTestPackage.firstClassSecondPackage" name="firstTestFirstClassSecondPackage" time="0.003"/>
  <testcase classname="secondTestPackage.firstClassSecondPackage" name="fourthTestSecondPackage" time="0.006"/>
  <testcase classname="secondTestPackage.firstClassSecondPackage" name="secondTestFirstClassSecondPackage" time="0.003"/>
  <testcase classname="secondTestPackage.firstClassSecondPackage" name="thirdTestFirstClassSecondPackage" time="0.008"/>
  <testcase classname="thirdPackage.firstClassThirdPackage" name="firstTestFirstClassThirdPackage" time="0.003"/>
  <testcase classname="thirdPackage.firstClassThirdPackage" name="secondTestFirstClassThirdPackage" time="0.004"/>
  <testcase classname="thirdPackage.firstClassThirdPackage" name="thirdTestFirstClassThirdPackage" time="0.003"/>
</testsuite> <!-- TestSuite -->
