<?xml version="1.0" encoding="UTF-8"?>
<!-- Generated by org.testng.reporters.JUnitXMLReporter -->
<testsuite ignored="0" hostname="DESKTOP-CVKJJ5N" failures="0" tests="3" name="TestSuiteFirstPackage" time="0.091" errors="0" timestamp="2022-03-22T16:11:21 SAST">
  <testcase classname="firstTestPackage.firstTestNG" name="first" time="0.012"/>
  <testcase classname="firstTestPackage.firstTestNG" name="second" time="0.003"/>
  <testcase classname="firstTestPackage.secondTestNG" name="secondClassFirstTest" time="0.003"/>
</testsuite> <!-- TestSuiteFirstPackage -->
