<?xml version="1.0" encoding="UTF-8"?>
<!-- Generated by org.testng.reporters.JUnitXMLReporter -->
<testsuite ignored="14" hostname="DESKTOP-CVKJJ5N" failures="0" tests="2" name="TestSuitePackageLevel" time="0.096" errors="0" timestamp="2022-03-29T16:21:52 SAST">
  <testcase classname="firstTestPackage.firstTestNG" name="first" time="0.016"/>
  <testcase classname="secondTestPackage.firstClassSecondPackage" name="firstTestFirstClassSecondPackage" time="0.003"/>
  <testcase classname="secondTestPackage.firstClassSecondPackage" name="fourthTestSecondPackage" time="0.0">
    <ignored/>
  </testcase> <!-- fourthTestSecondPackage -->
  <testcase classname="secondTestPackage.secondClassSecondPackage" name="firstTestSecondclassSecondPackage" time="0.0">
    <ignored/>
  </testcase> <!-- firstTestSecondclassSecondPackage -->
  <testcase classname="thirdPackage.firstClassThirdPackage" name="thirdTestFirstClassThirdPackage" time="0.0">
    <ignored/>
  </testcase> <!-- thirdTestFirstClassThirdPackage -->
  <testcase classname="secondTestPackage.firstClassSecondPackage" name="thirdTestFirstClassSecondPackage" time="0.0">
    <ignored/>
  </testcase> <!-- thirdTestFirstClassSecondPackage -->
  <testcase classname="thirdPackage.firstClassThirdPackage" name="firstTestFirstClassThirdPackage" time="0.0">
    <ignored/>
  </testcase> <!-- firstTestFirstClassThirdPackage -->
  <testcase classname="thirdPackage.firstClassThirdPackage" name="secondTestFirstClassThirdPackage" time="0.0">
    <ignored/>
  </testcase> <!-- secondTestFirstClassThirdPackage -->
  <testcase classname="secondTestPackage.firstClassSecondPackage" name="secondTestFirstClassSecondPackage" time="0.0">
    <ignored/>
  </testcase> <!-- secondTestFirstClassSecondPackage -->
  <testcase classname="secondTestPackage.secondClassSecondPackage" name="secondTestSecondClassSecondPackage" time="0.0">
    <ignored/>
  </testcase> <!-- secondTestSecondClassSecondPackage -->
  <testcase classname="secondTestPackage.secondClassSecondPackage" name="fourthTestSecondClassSecondPackage" time="0.0">
    <ignored/>
  </testcase> <!-- fourthTestSecondClassSecondPackage -->
  <testcase classname="secondTestPackage.firstClassSecondPackage" name="failedTest" time="0.0">
    <ignored/>
  </testcase> <!-- failedTest -->
  <testcase classname="secondTestPackage.firstClassSecondPackage" name="skippedTest" time="0.0">
    <ignored/>
  </testcase> <!-- skippedTest -->
  <testcase classname="firstTestPackage.secondTestNG" name="secondClassFirstTest" time="0.0">
    <ignored/>
  </testcase> <!-- secondClassFirstTest -->
  <testcase classname="firstTestPackage.firstTestNG" name="second" time="0.0">
    <ignored/>
  </testcase> <!-- second -->
  <testcase classname="secondTestPackage.secondClassSecondPackage" name="thirdTestSecondClassSecondPackage" time="0.0">
    <ignored/>
  </testcase> <!-- thirdTestSecondClassSecondPackage -->
</testsuite> <!-- TestSuitePackageLevel -->
