<?xml version="1.0" encoding="UTF-8"?>
<!-- Generated by org.testng.reporters.JUnitXMLReporter -->
<testsuite ignored="0" hostname="DESKTOP-CVKJJ5N" failures="0" tests="4" name="Default test" time="0.068" errors="0" timestamp="2022-03-24T16:20:45 SAST">
  <testcase classname="secondTestPackage.firstClassSecondPackage" name="firstTestFirstClassSecondPackage" time="0.006"/>
  <testcase classname="secondTestPackage.firstClassSecondPackage" name="fourthTestSecondPackage" time="0.005"/>
  <testcase classname="secondTestPackage.firstClassSecondPackage" name="secondTestFirstClassSecondPackage" time="0.001"/>
  <testcase classname="secondTestPackage.firstClassSecondPackage" name="thirdTestFirstClassSecondPackage" time="0.001"/>
</testsuite> <!-- Default test -->
