<?xml version="1.0" encoding="UTF-8"?>
<!-- Generated by org.testng.reporters.JUnitXMLReporter -->
<testsuite ignored="0" hostname="DESKTOP-CVKJJ5N" failures="0" tests="11" name="Before and After" time="0.13" errors="0" timestamp="2022-03-24T16:53:13 SAST">
  <testcase classname="secondTestPackage.secondClassSecondPackage" name="firstTestSecondclassSecondPackage" time="0.011"/>
  <testcase classname="secondTestPackage.secondClassSecondPackage" name="fourthTestSecondClassSecondPackage" time="0.004"/>
  <testcase classname="secondTestPackage.secondClassSecondPackage" name="secondTestSecondClassSecondPackage" time="0.006"/>
  <testcase classname="secondTestPackage.secondClassSecondPackage" name="thirdTestSecondClassSecondPackage" time="0.002"/>
  <testcase classname="secondTestPackage.firstClassSecondPackage" name="firstTestFirstClassSecondPackage" time="0.001"/>
  <testcase classname="secondTestPackage.firstClassSecondPackage" name="fourthTestSecondPackage" time="0.006"/>
  <testcase classname="secondTestPackage.firstClassSecondPackage" name="secondTestFirstClassSecondPackage" time="0.002"/>
  <testcase classname="secondTestPackage.firstClassSecondPackage" name="thirdTestFirstClassSecondPackage" time="0.001"/>
  <testcase classname="firstTestPackage.firstTestNG" name="first" time="0.001"/>
  <testcase classname="firstTestPackage.firstTestNG" name="second" time="0.003"/>
  <testcase classname="firstTestPackage.secondTestNG" name="secondClassFirstTest" time="0.006"/>
</testsuite> <!-- Before and After -->
