<?xml version="1.0" encoding="UTF-8"?>
<!-- Generated by org.testng.reporters.JUnitXMLReporter -->
<testsuite ignored="0" hostname="DESKTOP-CVKJJ5N" failures="0" tests="3" name="First Package" time="0.078" errors="0" timestamp="2022-03-17T18:32:06 SAST">
  <testcase classname="firstTestPackage.firstTestNG" name="first" time="0.01"/>
  <testcase classname="firstTestPackage.firstTestNG" name="second" time="0.002"/>
  <testcase classname="firstTestPackage.secondTestNG" name="secondClassFirstTest" time="0.001"/>
</testsuite> <!-- First Package -->
