<?xml version="1.0" encoding="UTF-8"?>
<!-- Generated by org.testng.reporters.JUnitXMLReporter -->
<testsuite ignored="0" hostname="DESKTOP-CVKJJ5N" failures="0" tests="3" name="Test" time="0.102" errors="0" timestamp="2022-03-24T18:37:34 SAST">
  <testcase classname="dataProviders.UsingDataProvider" name="CreatNameAndSurname" time="0.009"/>
  <testcase classname="dataProviders.UsingDataProvider" name="CreatNameAndSurname" time="0.002"/>
  <testcase classname="dataProviders.UsingDataProvider" name="CreatNameAndSurname" time="0.003"/>
</testsuite> <!-- Test -->
