<?xml version="1.0" encoding="UTF-8"?>
<!-- Generated by org.testng.reporters.JUnitXMLReporter -->
<testsuite ignored="0" hostname="DESKTOP-CVKJJ5N" failures="1" tests="2" name="ListenerTest" time="0.075" errors="0" timestamp="2022-03-29T17:17:59 SAST">
  <testcase classname="extraListener.listenerTest" name="failedTest" time="0.009">
    <failure type="java.lang.AssertionError" message="expected [false] but found [true]">
      <![CDATA[java.lang.AssertionError: expected [false] but found [true]
at extraListener.listenerTest.failedTest(listenerTest.java:17)
at java.base/java.util.ArrayList.forEach(ArrayList.java:1511)
... Removed 31 stack frames]]>
    </failure>
  </testcase> <!-- failedTest -->
  <testcase classname="extraListener.listenerTest" name="testThatIsSkipped" time="0.002">
    <skipped/>
  </testcase> <!-- testThatIsSkipped -->
</testsuite> <!-- ListenerTest -->
