<?xml version="1.0" encoding="UTF-8"?>
<!-- Generated by org.testng.reporters.JUnitXMLReporter -->
<testsuite ignored="1" hostname="DESKTOP-CVKJJ5N" failures="1" tests="2" name="ListenerClass" time="0.072" errors="0" timestamp="2022-03-29T18:23:53 SAST">
  <testcase classname="extraListener.listenerClass" name="NormalTest" time="0.009"/>
  <testcase classname="extraListener.listenerClass" name="failedTest" time="0.006">
    <failure type="java.lang.AssertionError" message="expected [false] but found [true]">
      <![CDATA[java.lang.AssertionError: expected [false] but found [true]
at extraListener.listenerClass.failedTest(listenerClass.java:17)
at java.base/java.util.ArrayList.forEach(ArrayList.java:1511)
... Removed 31 stack frames]]>
    </failure>
  </testcase> <!-- failedTest -->
  <testcase classname="extraListener.listenerClass" name="testThatIsSkipped" time="0.0">
    <ignored/>
  </testcase> <!-- testThatIsSkipped -->
</testsuite> <!-- ListenerClass -->
