<?xml version="1.0" encoding="UTF-8"?>
<testng-results ignored="0" total="3" passed="3" failed="0" skipped="0">
  <reporter-output>
  </reporter-output>
  <suite started-at="2022-03-24T18:37:33 SAST" name="DataProvider" finished-at="2022-03-24T18:37:34 SAST" duration-ms="102">
    <groups>
    </groups>
    <test started-at="2022-03-24T18:37:33 SAST" name="Test" finished-at="2022-03-24T18:37:34 SAST" duration-ms="102">
      <class name="dataProviders.UsingDataProvider">
        <test-method signature="CreatNameAndSurname(java.lang.String,java.lang.String)[pri:0, instance:dataProviders.UsingDataProvider@2ea227af]" started-at="2022-03-24T18:37:34 SAST" name="CreatNameAndSurname" data-provider="getData" finished-at="2022-03-24T18:37:34 SAST" duration-ms="9" status="PASS">
          <params>
            <param index="0">
              <value>
                <![CDATA[Sarah]]>
              </value>
            </param>
            <param index="1">
              <value>
                <![CDATA[Maxim]]>
              </value>
            </param>
          </params>
          <reporter-output>
          </reporter-output>
        </test-method> <!-- CreatNameAndSurname -->
        <test-method signature="CreatNameAndSurname(java.lang.String,java.lang.String)[pri:0, instance:dataProviders.UsingDataProvider@2ea227af]" started-at="2022-03-24T18:37:34 SAST" name="CreatNameAndSurname" data-provider="getData" finished-at="2022-03-24T18:37:34 SAST" duration-ms="2" status="PASS">
          <params>
            <param index="0">
              <value>
                <![CDATA[Mark]]>
              </value>
            </param>
            <param index="1">
              <value>
                <![CDATA[Hamley]]>
              </value>
            </param>
          </params>
          <reporter-output>
          </reporter-output>
        </test-method> <!-- CreatNameAndSurname -->
        <test-method signature="CreatNameAndSurname(java.lang.String,java.lang.String)[pri:0, instance:dataProviders.UsingDataProvider@2ea227af]" started-at="2022-03-24T18:37:34 SAST" name="CreatNameAndSurname" data-provider="getData" finished-at="2022-03-24T18:37:34 SAST" duration-ms="3" status="PASS">
          <params>
            <param index="0">
              <value>
                <![CDATA[Jenny]]>
              </value>
            </param>
            <param index="1">
              <value>
                <![CDATA[Rogers]]>
              </value>
            </param>
          </params>
          <reporter-output>
          </reporter-output>
        </test-method> <!-- CreatNameAndSurname -->
      </class> <!-- dataProviders.UsingDataProvider -->
    </test> <!-- Test -->
  </suite> <!-- DataProvider -->
</testng-results>
